<?xml version="1.0" encoding="UTF-8"?>
<testsuites name="astorSafeRegressionTesting" time="51" tests="1" failures="0" errors="0">
   <testsuite name="astorSafeRegressionTesting" tests="1" failures="0" errors="0" time="51" timestamp="2018-11-12 12:54:36" hostname="Astoria - 192.168.1.149" id="Test Suites/astorSafeRegressionTesting">
      <properties>
         <property name="deviceName" value=""/>
         <property name="devicePlatform" value=""/>
         <property name="logFolder" value="F:\\WorkSpace\\Automation\\PoductsTestGitR\\astorSafeTestScriptsR\\Reports\\astorSafeRegressionTesting\\20181112_125431"/>
         <property name="logFiles" value="F:\\WorkSpace\\Automation\\PoductsTestGitR\\astorSafeTestScriptsR\\Reports\\astorSafeRegressionTesting\\20181112_125431\\execution0.log"/>
         <property name="attachments" value=""/>
         <property name="hostName" value="Astoria - 192.168.1.149"/>
         <property name="os" value="Windows 10 64bit"/>
         <property name="katalonVersion" value="5.8.6.1"/>
         <property name="browser" value="Chrome 70.0.3538.102"/>
         <property name="hostAddress" value="192.168.1.149"/>
         <property name="sessionId" value="f6c5be49290583ed0684b48cdf6bc5d9"/>
         <property name="seleniumVersion" value="3.7.1"/>
         <property name="proxyInformation" value="ProxyInformation{proxyOption=NO_PROXY, proxyServerType=HTTP, password=, proxyServerAddress=, proxyServerPort=0}"/>
         <property name="platform" value="Windows 10"/>
      </properties>
      <testcase name="Test Cases/Common TestCases/TC2_Verify Add Emloyee" classname="Test Cases/Common TestCases/TC2_Verify Add Emloyee" status="PASSED">
         <system-out><![CDATA[2018-11-12 12:54:37 - [TEST_CASE][PASSED] - Test Cases/Common TestCases/TC2_Verify Add Emloyee: Test Cases/Common TestCases/TC2_Verify Add Emloyee

2018-11-12 12:54:38 - [TEST_STEP][PASSED] - openBrowser: Browser is opened with url: ''

2018-11-12 12:54:51 - [MESSAGE][PASSED] - Browser is opened with url: ''

2018-11-12 12:54:51 - [TEST_STEP][PASSED] - navigateToUrl: Navigate to 'http://localhost/astoriaweb/AddViewEmployeeMaster.aspx' successfully

2018-11-12 12:55:25 - [MESSAGE][PASSED] - Navigate to 'http://localhost/astoriaweb/AddViewEmployeeMaster.aspx' successfully

2018-11-12 12:55:25 - [TEST_STEP][PASSED] - maximizeWindow: Current window maximized

2018-11-12 12:55:27 - [MESSAGE][PASSED] - Current window maximized

2018-11-12 12:55:27 - [TEST_STEP][NOT_RUN] - click: NOT_RUN: click

2018-11-12 12:55:27 - [MESSAGE][NOT_RUN] - NOT_RUN: click

2018-11-12 12:55:27 - [TEST_STEP][NOT_RUN] - delay: NOT_RUN: delay

2018-11-12 12:55:27 - [MESSAGE][NOT_RUN] - NOT_RUN: delay

2018-11-12 12:55:27 - [TEST_STEP][NOT_RUN] - setText: NOT_RUN: setText

2018-11-12 12:55:27 - [MESSAGE][NOT_RUN] - NOT_RUN: setText

2018-11-12 12:55:27 - [TEST_STEP][NOT_RUN] - delay: NOT_RUN: delay

2018-11-12 12:55:27 - [MESSAGE][NOT_RUN] - NOT_RUN: delay

2018-11-12 12:55:27 - [TEST_STEP][NOT_RUN] - setText: NOT_RUN: setText

2018-11-12 12:55:27 - [MESSAGE][NOT_RUN] - NOT_RUN: setText

2018-11-12 12:55:27 - [TEST_STEP][NOT_RUN] - setText: NOT_RUN: setText

2018-11-12 12:55:27 - [MESSAGE][NOT_RUN] - NOT_RUN: setText

2018-11-12 12:55:27 - [TEST_STEP][NOT_RUN] - selectOptionByValue: NOT_RUN: selectOptionByValue

2018-11-12 12:55:27 - [MESSAGE][NOT_RUN] - NOT_RUN: selectOptionByValue

2018-11-12 12:55:27 - [TEST_STEP][NOT_RUN] - selectOptionByValue: NOT_RUN: selectOptionByValue

2018-11-12 12:55:27 - [MESSAGE][NOT_RUN] - NOT_RUN: selectOptionByValue

2018-11-12 12:55:27 - [TEST_STEP][NOT_RUN] - click: NOT_RUN: click

2018-11-12 12:55:27 - [MESSAGE][NOT_RUN] - NOT_RUN: click

2018-11-12 12:55:27 - [TEST_STEP][NOT_RUN] - delay: NOT_RUN: delay

2018-11-12 12:55:27 - [MESSAGE][NOT_RUN] - NOT_RUN: delay]]></system-out>
         <system-err><![CDATA[]]></system-err>
      </testcase>
      <system-out><![CDATA[2018-11-12 12:54:36 - [TEST_SUITE][PASSED] - astorSafeRegressionTesting: Test Cases/Common TestCases/TC2_Verify Add Emloyee]]></system-out>
      <system-err><![CDATA[]]></system-err>
   </testsuite>
</testsuites>
