<?xml version="1.0" encoding="UTF-8"?>
<testsuites name="astorSafeRegressionTesting" time="16" tests="1" failures="0" errors="0">
   <testsuite name="astorSafeRegressionTesting" tests="1" failures="0" errors="0" time="16" timestamp="2018-08-31 00:29:26" hostname="Astoria - Astoria-LT32" id="Test Suites/astorSafeRegressionTesting">
      <properties>
         <property name="deviceName" value=""/>
         <property name="devicePlatform" value=""/>
         <property name="logFolder" value="F:\\WorkSpace\\Automation\\PoductsTestGitR\\astorSafeTestScriptsR\\Reports\\astorSafeRegressionTesting\\20180831_002921"/>
         <property name="logFiles" value="F:\\WorkSpace\\Automation\\PoductsTestGitR\\astorSafeTestScriptsR\\Reports\\astorSafeRegressionTesting\\20180831_002921\\execution0.log"/>
         <property name="attachments" value=""/>
         <property name="hostName" value="Astoria - Astoria-LT32"/>
         <property name="os" value="Windows 10 64bit"/>
         <property name="katalonVersion" value="5.6.1.1"/>
         <property name="browser" value="Chrome 68.0.3440.106"/>
         <property name="hostAddress" value="192.168.0.104"/>
         <property name="sessionId" value="85dc37a8b403a9da3b22c1f1ac2931c2"/>
         <property name="seleniumVersion" value="3.7.1"/>
         <property name="proxyInformation" value="ProxyInformation{proxyOption=NO_PROXY, proxyServerType=HTTP, password=, proxyServerAddress=, proxyServerPort=0}"/>
         <property name="platform" value="Windows 10"/>
      </properties>
      <testcase name="Test Cases/Common TestCases/TC1_Login To astorSafe Web Application" classname="Test Cases/Common TestCases/TC1_Login To astorSafe Web Application" status="PASSED">
         <system-out><![CDATA[2018-08-31 00:29:26 - [TEST_CASE][PASSED] - Test Cases/Common TestCases/TC1_Login To astorSafe Web Application: Test Cases/Common TestCases/TC1_Login To astorSafe Web Application

2018-08-31 00:29:27 - [TEST_STEP][PASSED] - openBrowser: Browser is opened with url: ''

2018-08-31 00:29:35 - [MESSAGE][PASSED] - Browser is opened with url: ''

2018-08-31 00:29:35 - [TEST_STEP][PASSED] - maximizeWindow: Current window maximized

2018-08-31 00:29:37 - [MESSAGE][PASSED] - Current window maximized

2018-08-31 00:29:37 - [TEST_STEP][PASSED] - navigateToUrl: Navigate to 'http://astoria-qa.astorsafe.com/Login.aspx?ReturnUrl=%2f' successfully

2018-08-31 00:29:40 - [MESSAGE][PASSED] - Navigate to 'http://astoria-qa.astorsafe.com/Login.aspx?ReturnUrl=%2f' successfully

2018-08-31 00:29:40 - [TEST_STEP][PASSED] - setText: Text 'admin1' is set on object 'Object Repository/Login Page/Page_astorSafe - Login/input_loginCtrlUserName'

2018-08-31 00:29:40 - [MESSAGE][PASSED] - Text 'admin1' is set on object 'Object Repository/Login Page/Page_astorSafe - Login/input_loginCtrlUserName'

2018-08-31 00:29:40 - [TEST_STEP][PASSED] - setEncryptedText: Text ****** has been set on object 'Object Repository/Login Page/Page_astorSafe - Login/input_loginCtrlPassword'

2018-08-31 00:29:41 - [MESSAGE][PASSED] - Text ****** has been set on object 'Object Repository/Login Page/Page_astorSafe - Login/input_loginCtrlPassword'

2018-08-31 00:29:41 - [TEST_STEP][PASSED] - click: Object: 'Object Repository/Login Page/Page_astorSafe - Login/input_loginCtrlLoginButton' is clicked on

2018-08-31 00:29:41 - [MESSAGE][PASSED] - Object: 'Object Repository/Login Page/Page_astorSafe - Login/input_loginCtrlLoginButton' is clicked on

2018-08-31 00:29:41 - [TEST_STEP][PASSED] - closeBrowser: Browser is closed

2018-08-31 00:29:42 - [MESSAGE][PASSED] - Browser is closed]]></system-out>
         <system-err><![CDATA[]]></system-err>
      </testcase>
      <system-out><![CDATA[2018-08-31 00:29:26 - [TEST_SUITE][PASSED] - astorSafeRegressionTesting: Test Cases/Common TestCases/TC1_Login To astorSafe Web Application]]></system-out>
      <system-err><![CDATA[]]></system-err>
   </testsuite>
</testsuites>
