<?xml version="1.0" encoding="UTF-8"?>
<testsuites name="astorSafeRegressionTesting" time="77" tests="3" failures="0" errors="0">
   <testsuite name="astorSafeRegressionTesting" tests="3" failures="0" errors="0" time="77" timestamp="2018-09-03 02:19:20" hostname="Astoria - Astoria-LT32" id="Test Suites/astorSafeRegressionTesting">
      <properties>
         <property name="deviceName" value=""/>
         <property name="devicePlatform" value=""/>
         <property name="logFolder" value="F:\\WorkSpace\\Automation\\PoductsTestGitR\\astorSafeTestScriptsR\\Reports\\astorSafeRegressionTesting\\20180903_021915"/>
         <property name="logFiles" value="F:\\WorkSpace\\Automation\\PoductsTestGitR\\astorSafeTestScriptsR\\Reports\\astorSafeRegressionTesting\\20180903_021915\\execution0.log"/>
         <property name="attachments" value=""/>
         <property name="hostName" value="Astoria - Astoria-LT32"/>
         <property name="os" value="Windows 10 64bit"/>
         <property name="katalonVersion" value="5.6.3.1"/>
         <property name="browser" value="Chrome 68.0.3440.106"/>
         <property name="hostAddress" value="192.168.0.102"/>
         <property name="sessionId" value="3cdc97d484c4a8b09f960f30dbbabd4a"/>
         <property name="seleniumVersion" value="3.7.1"/>
         <property name="proxyInformation" value="ProxyInformation{proxyOption=NO_PROXY, proxyServerType=HTTP, password=, proxyServerAddress=, proxyServerPort=0}"/>
         <property name="platform" value="Windows 10"/>
      </properties>
      <testcase name="Test Cases/Common TestCases/TC1_Login To astorSafe Web Application" classname="Test Cases/Common TestCases/TC1_Login To astorSafe Web Application" status="PASSED">
         <system-out><![CDATA[2018-09-03 02:19:20 - [TEST_CASE][PASSED] - Test Cases/Common TestCases/TC1_Login To astorSafe Web Application: Test Cases/Common TestCases/TC1_Login To astorSafe Web Application

2018-09-03 02:19:21 - [TEST_STEP][PASSED] - openBrowser: Browser is opened with url: ''

2018-09-03 02:19:39 - [MESSAGE][PASSED] - Browser is opened with url: ''

2018-09-03 02:19:39 - [TEST_STEP][PASSED] - maximizeWindow: Current window maximized

2018-09-03 02:19:41 - [MESSAGE][PASSED] - Current window maximized

2018-09-03 02:19:41 - [TEST_STEP][PASSED] - navigateToUrl: Navigate to 'http://astoria-qa.astorsafe.com/Login.aspx?ReturnUrl=%2f' successfully

2018-09-03 02:19:47 - [MESSAGE][PASSED] - Navigate to 'http://astoria-qa.astorsafe.com/Login.aspx?ReturnUrl=%2f' successfully]]></system-out>
         <system-err><![CDATA[]]></system-err>
      </testcase>
      <testcase name="Test Cases/Main TestCases/TC1_Verify Login With Valid Credentials" classname="Test Cases/Main TestCases/TC1_Verify Login With Valid Credentials" status="PASSED">
         <system-out><![CDATA[2018-09-03 02:19:47 - [TEST_CASE][PASSED] - Test Cases/Main TestCases/TC1_Verify Login With Valid Credentials: Test Cases/Main TestCases/TC1_Verify Login With Valid Credentials

2018-09-03 02:19:47 - [TEST_STEP][PASSED] - openBrowser: Browser is opened with url: ''

2018-09-03 02:19:47 - [MESSAGE][WARNING] - A browser is already opened. Closing browser and opening a new one

2018-09-03 02:19:52 - [MESSAGE][PASSED] - Browser is opened with url: ''

2018-09-03 02:19:52 - [TEST_STEP][PASSED] - navigateToUrl: Navigate to 'http://www.astoriasolutions.com/' successfully

2018-09-03 02:20:01 - [MESSAGE][PASSED] - Navigate to 'http://www.astoriasolutions.com/' successfully]]></system-out>
         <system-err><![CDATA[]]></system-err>
      </testcase>
      <testcase name="Test Cases/Common TestCases/TC2_Click ControlPanel" classname="Test Cases/Common TestCases/TC2_Click ControlPanel" status="PASSED">
         <system-out><![CDATA[2018-09-03 02:20:01 - [TEST_CASE][PASSED] - Test Cases/Common TestCases/TC2_Click ControlPanel: Test Cases/Common TestCases/TC2_Click ControlPanel

2018-09-03 02:20:02 - [TEST_STEP][PASSED] - openBrowser: Browser is opened with url: ''

2018-09-03 02:20:02 - [MESSAGE][WARNING] - A browser is already opened. Closing browser and opening a new one

2018-09-03 02:20:06 - [MESSAGE][PASSED] - Browser is opened with url: ''

2018-09-03 02:20:06 - [TEST_STEP][PASSED] - maximizeWindow: Current window maximized

2018-09-03 02:20:07 - [MESSAGE][PASSED] - Current window maximized

2018-09-03 02:20:07 - [TEST_STEP][PASSED] - navigateToUrl: Navigate to 'http://astoria-qa.astorsafe.com/Login.aspx?ReturnUrl=%2f' successfully

2018-09-03 02:20:09 - [MESSAGE][PASSED] - Navigate to 'http://astoria-qa.astorsafe.com/Login.aspx?ReturnUrl=%2f' successfully

2018-09-03 02:20:09 - [TEST_STEP][PASSED] - setText: Text 'admin1' is set on object 'Object Repository/Login Page/Page_astorSafe - Login/Page_astorSafe - Login/input_loginCtrlUserName'

2018-09-03 02:20:10 - [MESSAGE][PASSED] - Text 'admin1' is set on object 'Object Repository/Login Page/Page_astorSafe - Login/Page_astorSafe - Login/input_loginCtrlUserName'

2018-09-03 02:20:10 - [TEST_STEP][PASSED] - setEncryptedText: Text ****** has been set on object 'Object Repository/Login Page/Page_astorSafe - Login/Page_astorSafe - Login/input_loginCtrlPassword'

2018-09-03 02:20:11 - [MESSAGE][PASSED] - Text ****** has been set on object 'Object Repository/Login Page/Page_astorSafe - Login/Page_astorSafe - Login/input_loginCtrlPassword'

2018-09-03 02:20:11 - [TEST_STEP][PASSED] - click: Object: 'Object Repository/Login Page/Page_astorSafe - Login/Page_astorSafe - Login/input_loginCtrlLoginButton' is clicked on

2018-09-03 02:20:36 - [MESSAGE][PASSED] - Object: 'Object Repository/Login Page/Page_astorSafe - Login/Page_astorSafe - Login/input_loginCtrlLoginButton' is clicked on]]></system-out>
         <system-err><![CDATA[]]></system-err>
      </testcase>
      <system-out><![CDATA[2018-09-03 02:19:20 - [TEST_SUITE][PASSED] - astorSafeRegressionTesting: Test Cases/Common TestCases/TC2_Click ControlPanel]]></system-out>
      <system-err><![CDATA[]]></system-err>
   </testsuite>
</testsuites>
