<?xml version="1.0" encoding="UTF-8"?>
<testsuites name="astorSafeRegressionTesting" time="39" tests="3" failures="0" errors="0">
   <testsuite name="astorSafeRegressionTesting" tests="3" failures="0" errors="0" time="39" timestamp="2018-09-04 18:36:03" hostname="Astoria - 192.168.4.155" id="Test Suites/astorSafeRegressionTesting">
      <properties>
         <property name="deviceName" value=""/>
         <property name="devicePlatform" value=""/>
         <property name="logFolder" value="F:\\WorkSpace\\Automation\\PoductsTestGitR\\astorSafeTestScriptsR\\Reports\\astorSafeRegressionTesting\\20180904_183601"/>
         <property name="logFiles" value="F:\\WorkSpace\\Automation\\PoductsTestGitR\\astorSafeTestScriptsR\\Reports\\astorSafeRegressionTesting\\20180904_183601\\execution0.log"/>
         <property name="attachments" value=""/>
         <property name="hostName" value="Astoria - 192.168.4.155"/>
         <property name="os" value="Windows 10 64bit"/>
         <property name="katalonVersion" value="5.6.3.1"/>
         <property name="browser" value="Chrome 68.0.3440.106"/>
         <property name="hostAddress" value="192.168.4.155"/>
         <property name="sessionId" value="1255d84d60441b7759426a71e759f4bb"/>
         <property name="seleniumVersion" value="3.7.1"/>
         <property name="proxyInformation" value="ProxyInformation{proxyOption=NO_PROXY, proxyServerType=HTTP, password=, proxyServerAddress=, proxyServerPort=0}"/>
         <property name="platform" value="Windows 10"/>
      </properties>
      <testcase name="Test Cases/Common TestCases/TC1_Login To astorSafe Web Application" classname="Test Cases/Common TestCases/TC1_Login To astorSafe Web Application" status="PASSED">
         <system-out><![CDATA[2018-09-04 18:36:04 - [TEST_CASE][PASSED] - Test Cases/Common TestCases/TC1_Login To astorSafe Web Application: Test Cases/Common TestCases/TC1_Login To astorSafe Web Application

2018-09-04 18:36:05 - [TEST_STEP][PASSED] - openBrowser: Browser is opened with url: ''

2018-09-04 18:36:10 - [MESSAGE][PASSED] - Browser is opened with url: ''

2018-09-04 18:36:10 - [TEST_STEP][PASSED] - maximizeWindow: Current window maximized

2018-09-04 18:36:12 - [MESSAGE][PASSED] - Current window maximized

2018-09-04 18:36:12 - [TEST_STEP][PASSED] - navigateToUrl: Navigate to 'http://astoria-qa.astorsafe.com/Login.aspx?ReturnUrl=%2f' successfully

2018-09-04 18:36:13 - [MESSAGE][PASSED] - Navigate to 'http://astoria-qa.astorsafe.com/Login.aspx?ReturnUrl=%2f' successfully]]></system-out>
         <system-err><![CDATA[]]></system-err>
      </testcase>
      <testcase name="Test Cases/Main TestCases/TC1_Verify Login With Valid Credentials" classname="Test Cases/Main TestCases/TC1_Verify Login With Valid Credentials" status="PASSED">
         <system-out><![CDATA[2018-09-04 18:36:13 - [TEST_CASE][PASSED] - Test Cases/Main TestCases/TC1_Verify Login With Valid Credentials: Test Cases/Main TestCases/TC1_Verify Login With Valid Credentials

2018-09-04 18:36:13 - [TEST_STEP][PASSED] - openBrowser: Browser is opened with url: ''

2018-09-04 18:36:13 - [MESSAGE][WARNING] - A browser is already opened. Closing browser and opening a new one

2018-09-04 18:36:17 - [MESSAGE][PASSED] - Browser is opened with url: ''

2018-09-04 18:36:17 - [TEST_STEP][PASSED] - navigateToUrl: Navigate to 'http://www.astoriasolutions.com/' successfully

2018-09-04 18:36:25 - [MESSAGE][PASSED] - Navigate to 'http://www.astoriasolutions.com/' successfully]]></system-out>
         <system-err><![CDATA[]]></system-err>
      </testcase>
      <testcase name="Test Cases/Common TestCases/TC2_Click ControlPanel" classname="Test Cases/Common TestCases/TC2_Click ControlPanel" status="PASSED">
         <system-out><![CDATA[2018-09-04 18:36:25 - [TEST_CASE][PASSED] - Test Cases/Common TestCases/TC2_Click ControlPanel: Test Cases/Common TestCases/TC2_Click ControlPanel

2018-09-04 18:36:25 - [TEST_STEP][PASSED] - openBrowser: Browser is opened with url: ''

2018-09-04 18:36:25 - [MESSAGE][WARNING] - A browser is already opened. Closing browser and opening a new one

2018-09-04 18:36:30 - [MESSAGE][PASSED] - Browser is opened with url: ''

2018-09-04 18:36:30 - [TEST_STEP][PASSED] - maximizeWindow: Current window maximized

2018-09-04 18:36:31 - [MESSAGE][PASSED] - Current window maximized

2018-09-04 18:36:31 - [TEST_STEP][PASSED] - navigateToUrl: Navigate to 'http://astoria-qa.astorsafe.com/Login.aspx?ReturnUrl=%2f' successfully

2018-09-04 18:36:34 - [MESSAGE][PASSED] - Navigate to 'http://astoria-qa.astorsafe.com/Login.aspx?ReturnUrl=%2f' successfully

2018-09-04 18:36:34 - [TEST_STEP][PASSED] - setText: Text 'admin1' is set on object 'Object Repository/Login Page/Page_astorSafe - Login/Page_astorSafe - Login/input_loginCtrlUserName'

2018-09-04 18:36:35 - [MESSAGE][PASSED] - Text 'admin1' is set on object 'Object Repository/Login Page/Page_astorSafe - Login/Page_astorSafe - Login/input_loginCtrlUserName'

2018-09-04 18:36:35 - [TEST_STEP][PASSED] - setEncryptedText: Text ****** has been set on object 'Object Repository/Login Page/Page_astorSafe - Login/Page_astorSafe - Login/input_loginCtrlPassword'

2018-09-04 18:36:35 - [MESSAGE][PASSED] - Text ****** has been set on object 'Object Repository/Login Page/Page_astorSafe - Login/Page_astorSafe - Login/input_loginCtrlPassword'

2018-09-04 18:36:35 - [TEST_STEP][PASSED] - click: Object: 'Object Repository/Login Page/Page_astorSafe - Login/Page_astorSafe - Login/input_loginCtrlLoginButton' is clicked on

2018-09-04 18:36:42 - [MESSAGE][PASSED] - Object: 'Object Repository/Login Page/Page_astorSafe - Login/Page_astorSafe - Login/input_loginCtrlLoginButton' is clicked on]]></system-out>
         <system-err><![CDATA[]]></system-err>
      </testcase>
      <system-out><![CDATA[2018-09-04 18:36:03 - [TEST_SUITE][PASSED] - astorSafeRegressionTesting: Test Cases/Common TestCases/TC2_Click ControlPanel]]></system-out>
      <system-err><![CDATA[]]></system-err>
   </testsuite>
</testsuites>
