<?xml version="1.0" encoding="UTF-8"?>
<testsuites name="astorSafeRegressionTesting" time="67" tests="1" failures="0" errors="0">
   <testsuite name="astorSafeRegressionTesting" tests="1" failures="0" errors="0" time="67" timestamp="2018-11-15 14:00:20" hostname="Astoria - 192.168.1.149" id="Test Suites/astorSafeRegressionTesting">
      <properties>
         <property name="deviceName" value=""/>
         <property name="devicePlatform" value=""/>
         <property name="logFolder" value="F:\\WorkSpace\\Automation\\PoductsTestGitR\\astorSafeTestScriptsR\\Reports\\astorSafeRegressionTesting\\20181115_140017"/>
         <property name="logFiles" value="F:\\WorkSpace\\Automation\\PoductsTestGitR\\astorSafeTestScriptsR\\Reports\\astorSafeRegressionTesting\\20181115_140017\\execution0.log"/>
         <property name="attachments" value=""/>
         <property name="hostName" value="Astoria - 192.168.1.149"/>
         <property name="os" value="Windows 10 64bit"/>
         <property name="katalonVersion" value="5.8.6.1"/>
         <property name="browser" value="Chrome 70.0.3538.102"/>
         <property name="hostAddress" value="192.168.1.149"/>
         <property name="sessionId" value="32fca0c120750b7909e050ff9ba455a0"/>
         <property name="seleniumVersion" value="3.7.1"/>
         <property name="proxyInformation" value="ProxyInformation{proxyOption=NO_PROXY, proxyServerType=HTTP, password=, proxyServerAddress=, proxyServerPort=0}"/>
         <property name="platform" value="Windows 10"/>
      </properties>
      <testcase name="Test Cases/Common TestCases/TC2_Verify Add Emloyee" classname="Test Cases/Common TestCases/TC2_Verify Add Emloyee" status="PASSED">
         <system-out><![CDATA[2018-11-15 14:00:21 - [TEST_CASE][PASSED] - Test Cases/Common TestCases/TC2_Verify Add Emloyee: Test Cases/Common TestCases/TC2_Verify Add Emloyee

2018-11-15 14:00:22 - [TEST_STEP][PASSED] - openBrowser: Browser is opened with url: ''

2018-11-15 14:00:31 - [MESSAGE][PASSED] - Browser is opened with url: ''

2018-11-15 14:00:31 - [TEST_STEP][PASSED] - navigateToUrl: Navigate to 'http://localhost/astoriaweb/AddViewEmployeeMaster.aspx' successfully

2018-11-15 14:01:23 - [MESSAGE][PASSED] - Navigate to 'http://localhost/astoriaweb/AddViewEmployeeMaster.aspx' successfully

2018-11-15 14:01:23 - [TEST_STEP][PASSED] - maximizeWindow: Current window maximized

2018-11-15 14:01:24 - [MESSAGE][PASSED] - Current window maximized

2018-11-15 14:01:24 - [TEST_STEP][PASSED] - click: Object: 'Object Repository/Page_Training Program/input_AddView Employee Master_' is clicked on

2018-11-15 14:01:26 - [MESSAGE][PASSED] - Object: 'Object Repository/Page_Training Program/input_AddView Employee Master_' is clicked on]]></system-out>
         <system-err><![CDATA[]]></system-err>
      </testcase>
      <system-out><![CDATA[2018-11-15 14:00:20 - [TEST_SUITE][PASSED] - astorSafeRegressionTesting: Test Cases/Common TestCases/TC2_Verify Add Emloyee]]></system-out>
      <system-err><![CDATA[]]></system-err>
   </testsuite>
</testsuites>
