<?xml version="1.0" encoding="UTF-8"?>
<testsuites name="astorSafeRegressionTesting" time="34" tests="3" failures="0" errors="0">
   <testsuite name="astorSafeRegressionTesting" tests="3" failures="0" errors="0" time="34" timestamp="2018-08-31 21:45:25" hostname="Astoria - Astoria-LT32" id="Test Suites/astorSafeRegressionTesting">
      <properties>
         <property name="deviceName" value=""/>
         <property name="devicePlatform" value=""/>
         <property name="logFolder" value="F:\\WorkSpace\\Automation\\PoductsTestGitR\\astorSafeTestScriptsR\\Reports\\astorSafeRegressionTesting\\20180831_214520"/>
         <property name="logFiles" value="F:\\WorkSpace\\Automation\\PoductsTestGitR\\astorSafeTestScriptsR\\Reports\\astorSafeRegressionTesting\\20180831_214520\\execution0.log"/>
         <property name="attachments" value=""/>
         <property name="hostName" value="Astoria - Astoria-LT32"/>
         <property name="os" value="Windows 10 64bit"/>
         <property name="katalonVersion" value="5.6.1.1"/>
         <property name="browser" value="Chrome 68.0.3440.106"/>
         <property name="hostAddress" value="192.168.0.102"/>
         <property name="sessionId" value="6089d3c826b46c47ca92a3984858729d"/>
         <property name="seleniumVersion" value="3.7.1"/>
         <property name="proxyInformation" value="ProxyInformation{proxyOption=NO_PROXY, proxyServerType=HTTP, password=, proxyServerAddress=, proxyServerPort=0}"/>
         <property name="platform" value="Windows 10"/>
      </properties>
      <testcase name="Test Cases/Common TestCases/TC1_Login To astorSafe Web Application" classname="Test Cases/Common TestCases/TC1_Login To astorSafe Web Application" status="PASSED">
         <system-out><![CDATA[2018-08-31 21:45:25 - [TEST_CASE][PASSED] - Test Cases/Common TestCases/TC1_Login To astorSafe Web Application: Test Cases/Common TestCases/TC1_Login To astorSafe Web Application

2018-08-31 21:45:26 - [TEST_STEP][PASSED] - openBrowser: Browser is opened with url: ''

2018-08-31 21:45:33 - [MESSAGE][PASSED] - Browser is opened with url: ''

2018-08-31 21:45:33 - [TEST_STEP][PASSED] - maximizeWindow: Current window maximized

2018-08-31 21:45:34 - [MESSAGE][PASSED] - Current window maximized

2018-08-31 21:45:34 - [TEST_STEP][PASSED] - navigateToUrl: Navigate to 'http://astoria-qa.astorsafe.com/Login.aspx?ReturnUrl=%2f' successfully

2018-08-31 21:45:42 - [MESSAGE][PASSED] - Navigate to 'http://astoria-qa.astorsafe.com/Login.aspx?ReturnUrl=%2f' successfully]]></system-out>
         <system-err><![CDATA[]]></system-err>
      </testcase>
      <testcase name="Test Cases/Main TestCases/TC1_Verify Login With Valid Credentials" classname="Test Cases/Main TestCases/TC1_Verify Login With Valid Credentials" status="PASSED">
         <system-out><![CDATA[2018-08-31 21:45:42 - [TEST_CASE][PASSED] - Test Cases/Main TestCases/TC1_Verify Login With Valid Credentials: Test Cases/Main TestCases/TC1_Verify Login With Valid Credentials

2018-08-31 21:45:42 - [TEST_STEP][PASSED] - openBrowser: Browser is opened with url: ''

2018-08-31 21:45:42 - [MESSAGE][WARNING] - A browser is already opened. Closing browser and opening a new one

2018-08-31 21:45:46 - [MESSAGE][PASSED] - Browser is opened with url: ''

2018-08-31 21:45:46 - [TEST_STEP][PASSED] - navigateToUrl: Navigate to 'http://www.astoriasolutions.com/' successfully

2018-08-31 21:45:55 - [MESSAGE][PASSED] - Navigate to 'http://www.astoriasolutions.com/' successfully]]></system-out>
         <system-err><![CDATA[]]></system-err>
      </testcase>
      <testcase name="Test Cases/Common TestCases/TC2_Click ControlPanel" classname="Test Cases/Common TestCases/TC2_Click ControlPanel" status="PASSED">
         <system-out><![CDATA[2018-08-31 21:45:55 - [TEST_CASE][PASSED] - Test Cases/Common TestCases/TC2_Click ControlPanel: Test Cases/Common TestCases/TC2_Click ControlPanel

2018-08-31 21:45:55 - [TEST_STEP][PASSED] - openBrowser: Browser is opened with url: ''

2018-08-31 21:45:55 - [MESSAGE][WARNING] - A browser is already opened. Closing browser and opening a new one

2018-08-31 21:45:59 - [MESSAGE][PASSED] - Browser is opened with url: '']]></system-out>
         <system-err><![CDATA[]]></system-err>
      </testcase>
      <system-out><![CDATA[2018-08-31 21:45:25 - [TEST_SUITE][PASSED] - astorSafeRegressionTesting: Test Cases/Common TestCases/TC2_Click ControlPanel]]></system-out>
      <system-err><![CDATA[]]></system-err>
   </testsuite>
</testsuites>
