<?xml version="1.0" encoding="UTF-8"?>
<testsuites name="astorSafeRegressionTesting" time="11" tests="1" failures="0" errors="0">
   <testsuite name="astorSafeRegressionTesting" tests="1" failures="0" errors="0" time="11" timestamp="2018-09-27 18:02:59" hostname="Astoria - 192.168.4.109" id="Test Suites/astorSafeRegressionTesting">
      <properties>
         <property name="deviceName" value=""/>
         <property name="devicePlatform" value=""/>
         <property name="logFolder" value="F:\\WorkSpace\\Automation\\PoductsTestGitR\\astorSafeTestScriptsR\\Reports\\astorSafeRegressionTesting\\20180927_180256"/>
         <property name="logFiles" value="F:\\WorkSpace\\Automation\\PoductsTestGitR\\astorSafeTestScriptsR\\Reports\\astorSafeRegressionTesting\\20180927_180256\\execution0.log"/>
         <property name="attachments" value=""/>
         <property name="hostName" value="Astoria - 192.168.4.109"/>
         <property name="os" value="Windows 10 64bit"/>
         <property name="katalonVersion" value="5.7.1.1"/>
         <property name="browser" value="Chrome 69.0.3497.100"/>
         <property name="hostAddress" value="192.168.4.109"/>
         <property name="sessionId" value="a45e89ef28ce31480af0e8416cee0013"/>
         <property name="seleniumVersion" value="3.7.1"/>
         <property name="proxyInformation" value="ProxyInformation{proxyOption=NO_PROXY, proxyServerType=HTTP, password=, proxyServerAddress=, proxyServerPort=0}"/>
         <property name="platform" value="Windows 10"/>
      </properties>
      <testcase name="Test Cases/Common TestCases/TC2_Verify Add Emloyee" classname="Test Cases/Common TestCases/TC2_Verify Add Emloyee" status="PASSED">
         <system-out><![CDATA[2018-09-27 18:03:00 - [TEST_CASE][PASSED] - Test Cases/Common TestCases/TC2_Verify Add Emloyee: Test Cases/Common TestCases/TC2_Verify Add Emloyee

2018-09-27 18:03:00 - [TEST_STEP][PASSED] - openBrowser: Browser is opened with url: ''

2018-09-27 18:03:05 - [MESSAGE][PASSED] - Browser is opened with url: ''

2018-09-27 18:03:05 - [TEST_STEP][PASSED] - navigateToUrl: Navigate to 'http://localhost/astoriaweb/AddViewEmployeeMaster.aspx' successfully

2018-09-27 18:03:08 - [MESSAGE][PASSED] - Navigate to 'http://localhost/astoriaweb/AddViewEmployeeMaster.aspx' successfully

2018-09-27 18:03:08 - [TEST_STEP][PASSED] - maximizeWindow: Current window maximized

2018-09-27 18:03:10 - [MESSAGE][PASSED] - Current window maximized

2018-09-27 18:03:10 - [TEST_STEP][NOT_RUN] - click: NOT_RUN: click

2018-09-27 18:03:10 - [MESSAGE][NOT_RUN] - NOT_RUN: click

2018-09-27 18:03:10 - [TEST_STEP][NOT_RUN] - delay: NOT_RUN: delay

2018-09-27 18:03:10 - [MESSAGE][NOT_RUN] - NOT_RUN: delay

2018-09-27 18:03:10 - [TEST_STEP][NOT_RUN] - setText: NOT_RUN: setText

2018-09-27 18:03:10 - [MESSAGE][NOT_RUN] - NOT_RUN: setText

2018-09-27 18:03:10 - [TEST_STEP][NOT_RUN] - delay: NOT_RUN: delay

2018-09-27 18:03:10 - [MESSAGE][NOT_RUN] - NOT_RUN: delay

2018-09-27 18:03:10 - [TEST_STEP][NOT_RUN] - setText: NOT_RUN: setText

2018-09-27 18:03:10 - [MESSAGE][NOT_RUN] - NOT_RUN: setText

2018-09-27 18:03:10 - [TEST_STEP][NOT_RUN] - setText: NOT_RUN: setText

2018-09-27 18:03:10 - [MESSAGE][NOT_RUN] - NOT_RUN: setText

2018-09-27 18:03:10 - [TEST_STEP][NOT_RUN] - selectOptionByValue: NOT_RUN: selectOptionByValue

2018-09-27 18:03:10 - [MESSAGE][NOT_RUN] - NOT_RUN: selectOptionByValue

2018-09-27 18:03:10 - [TEST_STEP][NOT_RUN] - selectOptionByValue: NOT_RUN: selectOptionByValue

2018-09-27 18:03:10 - [MESSAGE][NOT_RUN] - NOT_RUN: selectOptionByValue

2018-09-27 18:03:10 - [TEST_STEP][NOT_RUN] - click: NOT_RUN: click

2018-09-27 18:03:10 - [MESSAGE][NOT_RUN] - NOT_RUN: click

2018-09-27 18:03:10 - [TEST_STEP][NOT_RUN] - delay: NOT_RUN: delay

2018-09-27 18:03:10 - [MESSAGE][NOT_RUN] - NOT_RUN: delay]]></system-out>
         <system-err><![CDATA[]]></system-err>
      </testcase>
      <system-out><![CDATA[2018-09-27 18:02:59 - [TEST_SUITE][PASSED] - astorSafeRegressionTesting: Test Cases/Common TestCases/TC2_Verify Add Emloyee]]></system-out>
      <system-err><![CDATA[]]></system-err>
   </testsuite>
</testsuites>
