<?xml version="1.0" encoding="UTF-8"?>
<testsuites name="astorSafeRegressionTesting" time="19" tests="2" failures="0" errors="0">
   <testsuite name="astorSafeRegressionTesting" tests="2" failures="0" errors="0" time="19" timestamp="2018-08-31 01:57:39" hostname="Astoria - Astoria-LT32" id="Test Suites/astorSafeRegressionTesting">
      <properties>
         <property name="deviceName" value=""/>
         <property name="devicePlatform" value=""/>
         <property name="logFolder" value="F:\\WorkSpace\\Automation\\PoductsTestGitR\\astorSafeTestScriptsR\\Reports\\astorSafeRegressionTesting\\20180831_015736"/>
         <property name="logFiles" value="F:\\WorkSpace\\Automation\\PoductsTestGitR\\astorSafeTestScriptsR\\Reports\\astorSafeRegressionTesting\\20180831_015736\\execution0.log"/>
         <property name="attachments" value=""/>
         <property name="hostName" value="Astoria - Astoria-LT32"/>
         <property name="os" value="Windows 10 64bit"/>
         <property name="katalonVersion" value="5.6.1.1"/>
         <property name="browser" value="Chrome 68.0.3440.106"/>
         <property name="hostAddress" value="192.168.0.104"/>
         <property name="sessionId" value="2f736de6d044561c155afe3096a6ba38"/>
         <property name="seleniumVersion" value="3.7.1"/>
         <property name="proxyInformation" value="ProxyInformation{proxyOption=NO_PROXY, proxyServerType=HTTP, password=, proxyServerAddress=, proxyServerPort=0}"/>
         <property name="platform" value="Windows 10"/>
      </properties>
      <testcase name="Test Cases/Common TestCases/TC1_Login To astorSafe Web Application" classname="Test Cases/Common TestCases/TC1_Login To astorSafe Web Application" status="PASSED">
         <system-out><![CDATA[2018-08-31 01:57:40 - [TEST_CASE][PASSED] - Test Cases/Common TestCases/TC1_Login To astorSafe Web Application: Test Cases/Common TestCases/TC1_Login To astorSafe Web Application

2018-08-31 01:57:40 - [TEST_STEP][PASSED] - openBrowser: Browser is opened with url: ''

2018-08-31 01:57:45 - [MESSAGE][PASSED] - Browser is opened with url: ''

2018-08-31 01:57:45 - [TEST_STEP][PASSED] - maximizeWindow: Current window maximized

2018-08-31 01:57:47 - [MESSAGE][PASSED] - Current window maximized

2018-08-31 01:57:47 - [TEST_STEP][PASSED] - navigateToUrl: Navigate to 'http://astoria-qa.astorsafe.com/Login.aspx?ReturnUrl=%2f' successfully

2018-08-31 01:57:49 - [MESSAGE][PASSED] - Navigate to 'http://astoria-qa.astorsafe.com/Login.aspx?ReturnUrl=%2f' successfully

2018-08-31 01:57:49 - [TEST_STEP][PASSED] - setText: Text 'admin1' is set on object 'Object Repository/Login Page/Page_astorSafe - Login/input_loginCtrlUserName'

2018-08-31 01:57:49 - [MESSAGE][PASSED] - Text 'admin1' is set on object 'Object Repository/Login Page/Page_astorSafe - Login/input_loginCtrlUserName'

2018-08-31 01:57:49 - [TEST_STEP][PASSED] - setEncryptedText: Text ****** has been set on object 'Object Repository/Login Page/Page_astorSafe - Login/input_loginCtrlPassword'

2018-08-31 01:57:50 - [MESSAGE][PASSED] - Text ****** has been set on object 'Object Repository/Login Page/Page_astorSafe - Login/input_loginCtrlPassword'

2018-08-31 01:57:50 - [TEST_STEP][PASSED] - click: Object: 'Object Repository/Login Page/Page_astorSafe - Login/input_loginCtrlLoginButton' is clicked on

2018-08-31 01:57:50 - [MESSAGE][PASSED] - Object: 'Object Repository/Login Page/Page_astorSafe - Login/input_loginCtrlLoginButton' is clicked on

2018-08-31 01:57:50 - [TEST_STEP][PASSED] - closeBrowser: Browser is closed

2018-08-31 01:57:51 - [MESSAGE][PASSED] - Browser is closed]]></system-out>
         <system-err><![CDATA[]]></system-err>
      </testcase>
      <testcase name="Test Cases/Main TestCases/TC1_Verify Login With Valid Credentials" classname="Test Cases/Main TestCases/TC1_Verify Login With Valid Credentials" status="PASSED">
         <system-out><![CDATA[2018-08-31 01:57:51 - [TEST_CASE][PASSED] - Test Cases/Main TestCases/TC1_Verify Login With Valid Credentials: Test Cases/Main TestCases/TC1_Verify Login With Valid Credentials

2018-08-31 01:57:51 - [TEST_STEP][PASSED] - openBrowser: Browser is opened with url: ''

2018-08-31 01:57:54 - [MESSAGE][PASSED] - Browser is opened with url: ''

2018-08-31 01:57:54 - [TEST_STEP][PASSED] - maximizeWindow: Current window maximized

2018-08-31 01:57:55 - [MESSAGE][PASSED] - Current window maximized

2018-08-31 01:57:55 - [TEST_STEP][PASSED] - navigateToUrl: Navigate to 'http://astoria-qa.astorsafe.com/Login.aspx?ReturnUrl=%2f' successfully

2018-08-31 01:57:57 - [MESSAGE][PASSED] - Navigate to 'http://astoria-qa.astorsafe.com/Login.aspx?ReturnUrl=%2f' successfully

2018-08-31 01:57:57 - [TEST_STEP][PASSED] - setText: Text 'admin1' is set on object 'Object Repository/Login Page/Page_astorSafe - Login/input_loginCtrlUserName'

2018-08-31 01:57:58 - [MESSAGE][PASSED] - Text 'admin1' is set on object 'Object Repository/Login Page/Page_astorSafe - Login/input_loginCtrlUserName'

2018-08-31 01:57:58 - [TEST_STEP][PASSED] - setEncryptedText: Text ****** has been set on object 'Object Repository/Login Page/Page_astorSafe - Login/input_loginCtrlPassword'

2018-08-31 01:57:58 - [MESSAGE][PASSED] - Text ****** has been set on object 'Object Repository/Login Page/Page_astorSafe - Login/input_loginCtrlPassword'

2018-08-31 01:57:58 - [TEST_STEP][PASSED] - click: Object: 'Object Repository/Login Page/Page_astorSafe - Login/input_loginCtrlLoginButton' is clicked on

2018-08-31 01:57:58 - [MESSAGE][PASSED] - Object: 'Object Repository/Login Page/Page_astorSafe - Login/input_loginCtrlLoginButton' is clicked on

2018-08-31 01:57:58 - [TEST_STEP][PASSED] - closeBrowser: Browser is closed

2018-08-31 01:57:59 - [MESSAGE][PASSED] - Browser is closed]]></system-out>
         <system-err><![CDATA[]]></system-err>
      </testcase>
      <system-out><![CDATA[2018-08-31 01:57:39 - [TEST_SUITE][PASSED] - astorSafeRegressionTesting: Test Cases/Main TestCases/TC1_Verify Login With Valid Credentials]]></system-out>
      <system-err><![CDATA[]]></system-err>
   </testsuite>
</testsuites>
