<?xml version="1.0" encoding="UTF-8"?>
<testsuites name="astorSafeRegressionTesting" time="60" tests="3" failures="0" errors="0">
   <testsuite name="astorSafeRegressionTesting" tests="3" failures="0" errors="0" time="60" timestamp="2018-09-05 13:08:18" hostname="Astoria - 192.168.4.155" id="Test Suites/astorSafeRegressionTesting">
      <properties>
         <property name="deviceName" value=""/>
         <property name="devicePlatform" value=""/>
         <property name="logFolder" value="F:\\WorkSpace\\Automation\\PoductsTestGitR\\astorSafeTestScriptsR\\Reports\\astorSafeRegressionTesting\\20180905_130811"/>
         <property name="logFiles" value="F:\\WorkSpace\\Automation\\PoductsTestGitR\\astorSafeTestScriptsR\\Reports\\astorSafeRegressionTesting\\20180905_130811\\execution0.log"/>
         <property name="attachments" value=""/>
         <property name="hostName" value="Astoria - 192.168.4.155"/>
         <property name="os" value="Windows 10 64bit"/>
         <property name="katalonVersion" value="5.6.3.1"/>
         <property name="browser" value="Chrome 68.0.3440.106"/>
         <property name="hostAddress" value="192.168.4.155"/>
         <property name="sessionId" value="db6c9a1966ddcab8461a987c57727224"/>
         <property name="seleniumVersion" value="3.7.1"/>
         <property name="proxyInformation" value="ProxyInformation{proxyOption=NO_PROXY, proxyServerType=HTTP, password=, proxyServerAddress=, proxyServerPort=0}"/>
         <property name="platform" value="Windows 10"/>
      </properties>
      <testcase name="Test Cases/Common TestCases/TC1_Login To astorSafe Web Application" classname="Test Cases/Common TestCases/TC1_Login To astorSafe Web Application" status="PASSED">
         <system-out><![CDATA[2018-09-05 13:08:19 - [TEST_CASE][PASSED] - Test Cases/Common TestCases/TC1_Login To astorSafe Web Application: Test Cases/Common TestCases/TC1_Login To astorSafe Web Application

2018-09-05 13:08:20 - [TEST_STEP][PASSED] - openBrowser: Browser is opened with url: ''

2018-09-05 13:08:38 - [MESSAGE][PASSED] - Browser is opened with url: ''

2018-09-05 13:08:38 - [TEST_STEP][PASSED] - maximizeWindow: Current window maximized

2018-09-05 13:08:39 - [MESSAGE][PASSED] - Current window maximized

2018-09-05 13:08:39 - [TEST_STEP][PASSED] - navigateToUrl: Navigate to 'http://astoria-qa.astorsafe.com/Login.aspx?ReturnUrl=%2f' successfully

2018-09-05 13:08:41 - [MESSAGE][PASSED] - Navigate to 'http://astoria-qa.astorsafe.com/Login.aspx?ReturnUrl=%2f' successfully]]></system-out>
         <system-err><![CDATA[]]></system-err>
      </testcase>
      <testcase name="Test Cases/Main TestCases/TC1_Verify Login With Valid Credentials" classname="Test Cases/Main TestCases/TC1_Verify Login With Valid Credentials" status="PASSED">
         <system-out><![CDATA[2018-09-05 13:08:41 - [TEST_CASE][PASSED] - Test Cases/Main TestCases/TC1_Verify Login With Valid Credentials: Test Cases/Main TestCases/TC1_Verify Login With Valid Credentials

2018-09-05 13:08:41 - [TEST_STEP][PASSED] - openBrowser: Browser is opened with url: ''

2018-09-05 13:08:41 - [MESSAGE][WARNING] - A browser is already opened. Closing browser and opening a new one

2018-09-05 13:08:46 - [MESSAGE][PASSED] - Browser is opened with url: ''

2018-09-05 13:08:46 - [TEST_STEP][PASSED] - navigateToUrl: Navigate to 'http://www.astoriasolutions.com/' successfully

2018-09-05 13:08:56 - [MESSAGE][PASSED] - Navigate to 'http://www.astoriasolutions.com/' successfully]]></system-out>
         <system-err><![CDATA[]]></system-err>
      </testcase>
      <testcase name="Test Cases/Common TestCases/TC2_Click ControlPanel" classname="Test Cases/Common TestCases/TC2_Click ControlPanel" status="PASSED">
         <system-out><![CDATA[2018-09-05 13:08:56 - [TEST_CASE][PASSED] - Test Cases/Common TestCases/TC2_Click ControlPanel: Test Cases/Common TestCases/TC2_Click ControlPanel

2018-09-05 13:08:56 - [TEST_STEP][PASSED] - openBrowser: Browser is opened with url: ''

2018-09-05 13:08:56 - [MESSAGE][WARNING] - A browser is already opened. Closing browser and opening a new one

2018-09-05 13:09:01 - [MESSAGE][PASSED] - Browser is opened with url: ''

2018-09-05 13:09:01 - [TEST_STEP][PASSED] - maximizeWindow: Current window maximized

2018-09-05 13:09:02 - [MESSAGE][PASSED] - Current window maximized

2018-09-05 13:09:02 - [TEST_STEP][PASSED] - navigateToUrl: Navigate to 'http://astoria-qa.astorsafe.com/Login.aspx?ReturnUrl=%2f' successfully

2018-09-05 13:09:06 - [MESSAGE][PASSED] - Navigate to 'http://astoria-qa.astorsafe.com/Login.aspx?ReturnUrl=%2f' successfully

2018-09-05 13:09:06 - [TEST_STEP][PASSED] - setText: Text 'admin1' is set on object 'Object Repository/Login Page/Page_astorSafe - Login/Page_astorSafe - Login/input_loginCtrlUserName'

2018-09-05 13:09:07 - [MESSAGE][PASSED] - Text 'admin1' is set on object 'Object Repository/Login Page/Page_astorSafe - Login/Page_astorSafe - Login/input_loginCtrlUserName'

2018-09-05 13:09:07 - [TEST_STEP][PASSED] - setEncryptedText: Text ****** has been set on object 'Object Repository/Login Page/Page_astorSafe - Login/Page_astorSafe - Login/input_loginCtrlPassword'

2018-09-05 13:09:07 - [MESSAGE][PASSED] - Text ****** has been set on object 'Object Repository/Login Page/Page_astorSafe - Login/Page_astorSafe - Login/input_loginCtrlPassword'

2018-09-05 13:09:07 - [TEST_STEP][PASSED] - click: Object: 'Object Repository/Login Page/Page_astorSafe - Login/Page_astorSafe - Login/input_loginCtrlLoginButton' is clicked on

2018-09-05 13:09:17 - [MESSAGE][PASSED] - Object: 'Object Repository/Login Page/Page_astorSafe - Login/Page_astorSafe - Login/input_loginCtrlLoginButton' is clicked on]]></system-out>
         <system-err><![CDATA[]]></system-err>
      </testcase>
      <system-out><![CDATA[2018-09-05 13:08:18 - [TEST_SUITE][PASSED] - astorSafeRegressionTesting: Test Cases/Common TestCases/TC2_Click ControlPanel]]></system-out>
      <system-err><![CDATA[]]></system-err>
   </testsuite>
</testsuites>
