<?xml version="1.0" encoding="UTF-8"?>
<testsuites name="astorSafeRegressionTesting" time="17" tests="1" failures="0" errors="0">
   <testsuite name="astorSafeRegressionTesting" tests="1" failures="0" errors="0" time="17" timestamp="2018-09-20 22:17:57" hostname="Astoria - Astoria-LT32" id="Test Suites/astorSafeRegressionTesting">
      <properties>
         <property name="deviceName" value=""/>
         <property name="devicePlatform" value=""/>
         <property name="logFolder" value="F:\\WorkSpace\\Automation\\PoductsTestGitR\\astorSafeTestScriptsR\\Reports\\astorSafeRegressionTesting\\20180920_221755"/>
         <property name="logFiles" value="F:\\WorkSpace\\Automation\\PoductsTestGitR\\astorSafeTestScriptsR\\Reports\\astorSafeRegressionTesting\\20180920_221755\\execution0.log"/>
         <property name="attachments" value=""/>
         <property name="hostName" value="Astoria - Astoria-LT32"/>
         <property name="os" value="Windows 10 64bit"/>
         <property name="katalonVersion" value="5.7.1.1"/>
         <property name="browser" value="Chrome 68.0.3440.106"/>
         <property name="hostAddress" value="192.168.0.103"/>
         <property name="sessionId" value="3ed90007063a99d20ce873cc9f6423f5"/>
         <property name="seleniumVersion" value="3.7.1"/>
         <property name="proxyInformation" value="ProxyInformation{proxyOption=NO_PROXY, proxyServerType=HTTP, password=, proxyServerAddress=, proxyServerPort=0}"/>
         <property name="platform" value="Windows 10"/>
      </properties>
      <testcase name="Test Cases/Common TestCases/TC2_Verify Add Emloyee" classname="Test Cases/Common TestCases/TC2_Verify Add Emloyee" status="PASSED">
         <system-out><![CDATA[2018-09-20 22:17:57 - [TEST_CASE][PASSED] - Test Cases/Common TestCases/TC2_Verify Add Emloyee: Test Cases/Common TestCases/TC2_Verify Add Emloyee

2018-09-20 22:17:58 - [TEST_STEP][PASSED] - openBrowser: Browser is opened with url: ''

2018-09-20 22:18:01 - [MESSAGE][PASSED] - Browser is opened with url: ''

2018-09-20 22:18:01 - [TEST_STEP][PASSED] - navigateToUrl: Navigate to 'http://localhost/astoriaweb/AddViewEmployeeMaster.aspx' successfully

2018-09-20 22:18:04 - [MESSAGE][PASSED] - Navigate to 'http://localhost/astoriaweb/AddViewEmployeeMaster.aspx' successfully

2018-09-20 22:18:04 - [TEST_STEP][PASSED] - maximizeWindow: Current window maximized

2018-09-20 22:18:06 - [MESSAGE][PASSED] - Current window maximized

2018-09-20 22:18:06 - [TEST_STEP][PASSED] - click: Object: 'Object Repository/Page_Training Program/input_AddView Employee Master_' is clicked on

2018-09-20 22:18:06 - [MESSAGE][PASSED] - Object: 'Object Repository/Page_Training Program/input_AddView Employee Master_' is clicked on

2018-09-20 22:18:06 - [TEST_STEP][PASSED] - delay: Delayed 2 second(s)

2018-09-20 22:18:08 - [MESSAGE][PASSED] - Delayed 2 second(s)

2018-09-20 22:18:08 - [TEST_STEP][PASSED] - setText: Text 'emp90' is set on object 'Object Repository/Page_Training Program/input_EmployeeID_ctl00ContentP'

2018-09-20 22:18:08 - [MESSAGE][PASSED] - Text 'emp90' is set on object 'Object Repository/Page_Training Program/input_EmployeeID_ctl00ContentP'

2018-09-20 22:18:08 - [TEST_STEP][PASSED] - delay: Delayed 2 second(s)

2018-09-20 22:18:10 - [MESSAGE][PASSED] - Delayed 2 second(s)

2018-09-20 22:18:10 - [TEST_STEP][PASSED] - setText: Text 'mres' is set on object 'Object Repository/Page_Training Program/input_First Name_ctl00ContentP'

2018-09-20 22:18:11 - [MESSAGE][PASSED] - Text 'mres' is set on object 'Object Repository/Page_Training Program/input_First Name_ctl00ContentP'

2018-09-20 22:18:11 - [TEST_STEP][PASSED] - setText: Text 'das' is set on object 'Object Repository/Page_Training Program/input_Last Name_ctl00ContentPl'

2018-09-20 22:18:11 - [MESSAGE][PASSED] - Text 'das' is set on object 'Object Repository/Page_Training Program/input_Last Name_ctl00ContentPl'

2018-09-20 22:18:11 - [TEST_STEP][PASSED] - selectOptionByValue: All options with value '1' are selected in object 'Object Repository/Page_Training Program/select_--Select--Astoria Techn'  using regular expression

2018-09-20 22:18:11 - [MESSAGE][PASSED] - All options with value '1' are selected in object 'Object Repository/Page_Training Program/select_--Select--Astoria Techn'  using regular expression

2018-09-20 22:18:11 - [TEST_STEP][PASSED] - selectOptionByValue: All options with value '2' are selected in object 'Object Repository/Page_Training Program/select_--Select--DirectorTeam'  using regular expression

2018-09-20 22:18:11 - [MESSAGE][PASSED] - All options with value '2' are selected in object 'Object Repository/Page_Training Program/select_--Select--DirectorTeam'  using regular expression

2018-09-20 22:18:11 - [TEST_STEP][PASSED] - click: Object: 'Object Repository/Page_Training Program/input_Male_ctl00ContentPlaceHo' is clicked on

2018-09-20 22:18:11 - [MESSAGE][PASSED] - Object: 'Object Repository/Page_Training Program/input_Male_ctl00ContentPlaceHo' is clicked on

2018-09-20 22:18:11 - [TEST_STEP][PASSED] - delay: Delayed 2 second(s)

2018-09-20 22:18:13 - [MESSAGE][PASSED] - Delayed 2 second(s)]]></system-out>
         <system-err><![CDATA[]]></system-err>
      </testcase>
      <system-out><![CDATA[2018-09-20 22:17:57 - [TEST_SUITE][PASSED] - astorSafeRegressionTesting: Test Cases/Common TestCases/TC2_Verify Add Emloyee]]></system-out>
      <system-err><![CDATA[]]></system-err>
   </testsuite>
</testsuites>
