<?xml version="1.0" encoding="UTF-8"?>
<testsuites name="astorSafeRegressionTesting" time="10" tests="0" failures="1" errors="0">
   <testsuite name="astorSafeRegressionTesting" tests="0" failures="1" errors="0" time="10" timestamp="2018-08-31 11:42:55" hostname="Astoria - 192.168.4.160" id="Test Suites/astorSafeRegressionTesting">
      <properties>
         <property name="deviceName" value=""/>
         <property name="devicePlatform" value=""/>
         <property name="logFolder" value="F:\\WorkSpace\\Automation\\PoductsTestGitR\\astorSafeTestScriptsR\\Reports\\astorSafeRegressionTesting\\20180831_114252"/>
         <property name="logFiles" value="F:\\WorkSpace\\Automation\\PoductsTestGitR\\astorSafeTestScriptsR\\Reports\\astorSafeRegressionTesting\\20180831_114252\\execution0.log"/>
         <property name="attachments" value="F:\\WorkSpace\\Automation\\PoductsTestGitR\\astorSafeTestScriptsR\\Reports\\astorSafeRegressionTesting\\20180831_114252\\1535695983606.png"/>
         <property name="hostName" value="Astoria - 192.168.4.160"/>
         <property name="os" value="Windows 10 64bit"/>
         <property name="katalonVersion" value="5.6.1.1"/>
         <property name="browser" value="Chrome 68.0.3440.106"/>
         <property name="hostAddress" value="192.168.4.160"/>
         <property name="sessionId" value="0928149edce2ac51c3dfcd320d599ed6"/>
         <property name="seleniumVersion" value="3.7.1"/>
         <property name="proxyInformation" value="ProxyInformation{proxyOption=NO_PROXY, proxyServerType=HTTP, password=, proxyServerAddress=, proxyServerPort=0}"/>
         <property name="platform" value="Windows 10"/>
      </properties>
      <testcase name="Test Cases/Common TestCases/TC1_Login To astorSafe Web Application" classname="Test Cases/Common TestCases/TC1_Login To astorSafe Web Application" status="FAILED">
         <failure type="FAILED" message="Unable to set encrypted text for object 'Object Repository/Login Page/Page_astorSafe - Login/input_loginCtrlPassword' (Root cause: javax.crypto.IllegalBlockSizeException: Input length must be multiple of 8 when decrypting with padded cipher)"/>
         <system-out><![CDATA[2018-08-31 11:42:55 - [TEST_CASE][FAILED] - Test Cases/Common TestCases/TC1_Login To astorSafe Web Application: Test Cases/Common TestCases/TC1_Login To astorSafe Web Application FAILED because (of) Unable to set encrypted text for object 'Object Repository/Login Page/Page_astorSafe - Login/input_loginCtrlPassword' (Root cause: javax.crypto.IllegalBlockSizeException: Input length must be multiple of 8 when decrypting with padded cipher)

2018-08-31 11:42:56 - [TEST_STEP][PASSED] - openBrowser: Browser is opened with url: ''

2018-08-31 11:43:00 - [MESSAGE][PASSED] - Browser is opened with url: ''

2018-08-31 11:43:00 - [TEST_STEP][PASSED] - maximizeWindow: Current window maximized

2018-08-31 11:43:01 - [MESSAGE][PASSED] - Current window maximized

2018-08-31 11:43:01 - [TEST_STEP][PASSED] - navigateToUrl: Navigate to 'http://astoria-qa.astorsafe.com/Login.aspx?ReturnUrl=%2f' successfully

2018-08-31 11:43:02 - [MESSAGE][PASSED] - Navigate to 'http://astoria-qa.astorsafe.com/Login.aspx?ReturnUrl=%2f' successfully

2018-08-31 11:43:02 - [TEST_STEP][PASSED] - setText: Text 'admin1' is set on object 'Object Repository/Login Page/Page_astorSafe - Login/input_loginCtrlUserName'

2018-08-31 11:43:03 - [MESSAGE][PASSED] - Text 'admin1' is set on object 'Object Repository/Login Page/Page_astorSafe - Login/input_loginCtrlUserName'

2018-08-31 11:43:03 - [TEST_STEP][FAILED] - setEncryptedText: Unable to set encrypted text for object 'Object Repository/Login Page/Page_astorSafe - Login/input_loginCtrlPassword' (Root cause: javax.crypto.IllegalBlockSizeException: Input length must be multiple of 8 when decrypting with padded cipher)

2018-08-31 11:43:04 - [MESSAGE][FAILED] - Unable to set encrypted text for object 'Object Repository/Login Page/Page_astorSafe - Login/input_loginCtrlPassword' (Root cause: javax.crypto.IllegalBlockSizeException: Input length must be multiple of 8 when decrypting with padded cipher)
[[ATTACHMENT|F:\\WorkSpace\\Automation\\PoductsTestGitR\\astorSafeTestScriptsR\\Reports\\astorSafeRegressionTesting\\20180831_114252\\1535695983606.png]]]]></system-out>
         <system-err><![CDATA[2018-08-31 11:42:55 - [TEST_CASE][FAILED] - Test Cases/Common TestCases/TC1_Login To astorSafe Web Application: Test Cases/Common TestCases/TC1_Login To astorSafe Web Application FAILED because (of) Unable to set encrypted text for object 'Object Repository/Login Page/Page_astorSafe - Login/input_loginCtrlPassword' (Root cause: javax.crypto.IllegalBlockSizeException: Input length must be multiple of 8 when decrypting with padded cipher)]]></system-err>
      </testcase>
      <system-out><![CDATA[2018-08-31 11:42:55 - [TEST_SUITE][FAILED] - astorSafeRegressionTesting: Test Cases/Common TestCases/TC1_Login To astorSafe Web Application FAILED because (of) Unable to set encrypted text for object 'Object Repository/Login Page/Page_astorSafe - Login/input_loginCtrlPassword' (Root cause: javax.crypto.IllegalBlockSizeException: Input length must be multiple of 8 when decrypting with padded cipher)]]></system-out>
      <system-err><![CDATA[2018-08-31 11:42:55 - [TEST_SUITE][FAILED] - astorSafeRegressionTesting: Test Cases/Common TestCases/TC1_Login To astorSafe Web Application FAILED because (of) Unable to set encrypted text for object 'Object Repository/Login Page/Page_astorSafe - Login/input_loginCtrlPassword' (Root cause: javax.crypto.IllegalBlockSizeException: Input length must be multiple of 8 when decrypting with padded cipher)]]></system-err>
   </testsuite>
</testsuites>
